<?xml version="1.0" encoding="UTF-8"?>
<coverage generated="1777211375045" clover="3.2.0">
  <project timestamp="1777211375045" name="All files">
    <metrics statements="39" coveredstatements="30" conditionals="52" coveredconditionals="35" methods="5" coveredmethods="4" elements="96" coveredelements="69" complexity="0" loc="39" ncloc="39" packages="1" files="1" classes="1"/>
    <file name="app.js" path="C:\smartexam-tp\app.js">
      <metrics statements="39" coveredstatements="30" conditionals="52" coveredconditionals="35" methods="5" coveredmethods="4"/>
      <line num="2" count="8" type="cond" truecount="2" falsecount="0"/>
      <line num="3" count="7" type="cond" truecount="1" falsecount="1"/>
      <line num="4" count="7" type="stmt"/>
      <line num="8" count="8" type="cond" truecount="3" falsecount="1"/>
      <line num="9" count="8" type="cond" truecount="1" falsecount="1"/>
      <line num="11" count="8" type="cond" truecount="2" falsecount="0"/>
      <line num="12" count="7" type="cond" truecount="2" falsecount="0"/>
      <line num="13" count="4" type="cond" truecount="2" falsecount="0"/>
      <line num="14" count="3" type="cond" truecount="2" falsecount="0"/>
      <line num="16" count="2" type="stmt"/>
      <line num="20" count="0" type="cond" truecount="0" falsecount="2"/>
      <line num="21" count="0" type="cond" truecount="0" falsecount="2"/>
      <line num="22" count="0" type="cond" truecount="0" falsecount="2"/>
      <line num="23" count="0" type="cond" truecount="0" falsecount="2"/>
      <line num="24" count="0" type="cond" truecount="0" falsecount="2"/>
      <line num="25" count="0" type="stmt"/>
      <line num="29" count="8" type="cond" truecount="3" falsecount="1"/>
      <line num="31" count="8" type="cond" truecount="2" falsecount="0"/>
      <line num="32" count="6" type="cond" truecount="2" falsecount="0"/>
      <line num="35" count="2" type="cond" truecount="2" falsecount="0"/>
      <line num="36" count="1" type="stmt"/>
      <line num="39" count="1" type="stmt"/>
      <line num="43" count="11" type="cond" truecount="3" falsecount="1"/>
      <line num="44" count="0" type="stmt"/>
      <line num="47" count="11" type="cond" truecount="1" falsecount="1"/>
      <line num="48" count="0" type="stmt"/>
      <line num="52" count="11" type="cond" truecount="2" falsecount="0"/>
      <line num="53" count="3" type="cond" truecount="2" falsecount="0"/>
      <line num="54" count="1" type="stmt"/>
      <line num="56" count="2" type="cond" truecount="2" falsecount="0"/>
      <line num="57" count="1" type="stmt"/>
      <line num="59" count="1" type="stmt"/>
      <line num="62" count="8" type="stmt"/>
      <line num="65" count="8" type="stmt"/>
      <line num="68" count="8" type="stmt"/>
      <line num="71" count="8" type="cond" truecount="1" falsecount="1"/>
      <line num="72" count="8" type="stmt"/>
      <line num="78" count="0" type="stmt"/>
      <line num="84" count="1" type="stmt"/>
    </file>
  </project>
</coverage>
