{"C:\\smartexam-tp\\app.js": {"path":"C:\\smartexam-tp\\app.js","statementMap":{"0":{"start":{"line":2,"column":4},"end":{"line":2,"column":34}},"1":{"start":{"line":2,"column":22},"end":{"line":2,"column":34}},"2":{"start":{"line":3,"column":4},"end":{"line":3,"column":28}},"3":{"start":{"line":3,"column":19},"end":{"line":3,"column":28}},"4":{"start":{"line":4,"column":4},"end":{"line":4,"column":17}},"5":{"start":{"line":8,"column":4},"end":{"line":8,"column":63}},"6":{"start":{"line":8,"column":45},"end":{"line":8,"column":63}},"7":{"start":{"line":9,"column":4},"end":{"line":9,"column":37}},"8":{"start":{"line":9,"column":19},"end":{"line":9,"column":37}},"9":{"start":{"line":11,"column":4},"end":{"line":11,"column":38}},"10":{"start":{"line":11,"column":19},"end":{"line":11,"column":38}},"11":{"start":{"line":12,"column":4},"end":{"line":12,"column":37}},"12":{"start":{"line":12,"column":19},"end":{"line":12,"column":37}},"13":{"start":{"line":13,"column":4},"end":{"line":13,"column":39}},"14":{"start":{"line":13,"column":20},"end":{"line":13,"column":39}},"15":{"start":{"line":14,"column":4},"end":{"line":14,"column":38}},"16":{"start":{"line":14,"column":20},"end":{"line":14,"column":38}},"17":{"start":{"line":16,"column":4},"end":{"line":16,"column":17}},"18":{"start":{"line":20,"column":4},"end":{"line":20,"column":40}},"19":{"start":{"line":20,"column":21},"end":{"line":20,"column":40}},"20":{"start":{"line":21,"column":4},"end":{"line":21,"column":45}},"21":{"start":{"line":21,"column":21},"end":{"line":21,"column":45}},"22":{"start":{"line":22,"column":4},"end":{"line":22,"column":43}},"23":{"start":{"line":22,"column":21},"end":{"line":22,"column":43}},"24":{"start":{"line":23,"column":4},"end":{"line":23,"column":42}},"25":{"start":{"line":23,"column":21},"end":{"line":23,"column":42}},"26":{"start":{"line":24,"column":4},"end":{"line":24,"column":45}},"27":{"start":{"line":24,"column":21},"end":{"line":24,"column":45}},"28":{"start":{"line":25,"column":4},"end":{"line":25,"column":19}},"29":{"start":{"line":29,"column":4},"end":{"line":29,"column":77}},"30":{"start":{"line":29,"column":49},"end":{"line":29,"column":77}},"31":{"start":{"line":31,"column":4},"end":{"line":33,"column":5}},"32":{"start":{"line":32,"column":8},"end":{"line":32,"column":70}},"33":{"start":{"line":35,"column":4},"end":{"line":37,"column":5}},"34":{"start":{"line":36,"column":8},"end":{"line":36,"column":39}},"35":{"start":{"line":39,"column":4},"end":{"line":39,"column":27}},"36":{"start":{"line":43,"column":4},"end":{"line":45,"column":5}},"37":{"start":{"line":44,"column":8},"end":{"line":44,"column":59}},"38":{"start":{"line":47,"column":4},"end":{"line":49,"column":5}},"39":{"start":{"line":48,"column":8},"end":{"line":48,"column":65}},"40":{"start":{"line":52,"column":4},"end":{"line":60,"column":5}},"41":{"start":{"line":53,"column":8},"end":{"line":55,"column":9}},"42":{"start":{"line":54,"column":12},"end":{"line":54,"column":97}},"43":{"start":{"line":56,"column":8},"end":{"line":58,"column":9}},"44":{"start":{"line":57,"column":12},"end":{"line":57,"column":90}},"45":{"start":{"line":59,"column":8},"end":{"line":59,"column":84}},"46":{"start":{"line":62,"column":16},"end":{"line":62,"column":28}},"47":{"start":{"line":65,"column":4},"end":{"line":65,"column":57}},"48":{"start":{"line":68,"column":4},"end":{"line":68,"column":34}},"49":{"start":{"line":71,"column":4},"end":{"line":76,"column":5}},"50":{"start":{"line":72,"column":8},"end":{"line":75,"column":10}},"51":{"start":{"line":78,"column":4},"end":{"line":81,"column":6}},"52":{"start":{"line":84,"column":0},"end":{"line":84,"column":40}}},"fnMap":{"0":{"name":"normalizeScore","decl":{"start":{"line":1,"column":9},"end":{"line":1,"column":23}},"loc":{"start":{"line":1,"column":31},"end":{"line":5,"column":1}},"line":1},"1":{"name":"adjustScoreWithTime","decl":{"start":{"line":7,"column":9},"end":{"line":7,"column":28}},"loc":{"start":{"line":7,"column":42},"end":{"line":17,"column":1}},"line":7},"2":{"name":"getFailureStatus","decl":{"start":{"line":19,"column":9},"end":{"line":19,"column":25}},"loc":{"start":{"line":19,"column":33},"end":{"line":26,"column":1}},"line":19},"3":{"name":"getSuccessStatus","decl":{"start":{"line":28,"column":9},"end":{"line":28,"column":25}},"loc":{"start":{"line":28,"column":41},"end":{"line":40,"column":1}},"line":28},"4":{"name":"calculateCertScore","decl":{"start":{"line":42,"column":9},"end":{"line":42,"column":27}},"loc":{"start":{"line":42,"column":78},"end":{"line":82,"column":1}},"line":42}},"branchMap":{"0":{"loc":{"start":{"line":2,"column":4},"end":{"line":2,"column":34}},"type":"if","locations":[{"start":{"line":2,"column":4},"end":{"line":2,"column":34}},{"start":{},"end":{}}],"line":2},"1":{"loc":{"start":{"line":3,"column":4},"end":{"line":3,"column":28}},"type":"if","locations":[{"start":{"line":3,"column":4},"end":{"line":3,"column":28}},{"start":{},"end":{}}],"line":3},"2":{"loc":{"start":{"line":8,"column":4},"end":{"line":8,"column":63}},"type":"if","locations":[{"start":{"line":8,"column":4},"end":{"line":8,"column":63}},{"start":{},"end":{}}],"line":8},"3":{"loc":{"start":{"line":8,"column":8},"end":{"line":8,"column":43}},"type":"binary-expr","locations":[{"start":{"line":8,"column":8},"end":{"line":8,"column":26}},{"start":{"line":8,"column":30},"end":{"line":8,"column":43}}],"line":8},"4":{"loc":{"start":{"line":9,"column":4},"end":{"line":9,"column":37}},"type":"if","locations":[{"start":{"line":9,"column":4},"end":{"line":9,"column":37}},{"start":{},"end":{}}],"line":9},"5":{"loc":{"start":{"line":11,"column":4},"end":{"line":11,"column":38}},"type":"if","locations":[{"start":{"line":11,"column":4},"end":{"line":11,"column":38}},{"start":{},"end":{}}],"line":11},"6":{"loc":{"start":{"line":12,"column":4},"end":{"line":12,"column":37}},"type":"if","locations":[{"start":{"line":12,"column":4},"end":{"line":12,"column":37}},{"start":{},"end":{}}],"line":12},"7":{"loc":{"start":{"line":13,"column":4},"end":{"line":13,"column":39}},"type":"if","locations":[{"start":{"line":13,"column":4},"end":{"line":13,"column":39}},{"start":{},"end":{}}],"line":13},"8":{"loc":{"start":{"line":14,"column":4},"end":{"line":14,"column":38}},"type":"if","locations":[{"start":{"line":14,"column":4},"end":{"line":14,"column":38}},{"start":{},"end":{}}],"line":14},"9":{"loc":{"start":{"line":20,"column":4},"end":{"line":20,"column":40}},"type":"if","locations":[{"start":{"line":20,"column":4},"end":{"line":20,"column":40}},{"start":{},"end":{}}],"line":20},"10":{"loc":{"start":{"line":21,"column":4},"end":{"line":21,"column":45}},"type":"if","locations":[{"start":{"line":21,"column":4},"end":{"line":21,"column":45}},{"start":{},"end":{}}],"line":21},"11":{"loc":{"start":{"line":22,"column":4},"end":{"line":22,"column":43}},"type":"if","locations":[{"start":{"line":22,"column":4},"end":{"line":22,"column":43}},{"start":{},"end":{}}],"line":22},"12":{"loc":{"start":{"line":23,"column":4},"end":{"line":23,"column":42}},"type":"if","locations":[{"start":{"line":23,"column":4},"end":{"line":23,"column":42}},{"start":{},"end":{}}],"line":23},"13":{"loc":{"start":{"line":24,"column":4},"end":{"line":24,"column":45}},"type":"if","locations":[{"start":{"line":24,"column":4},"end":{"line":24,"column":45}},{"start":{},"end":{}}],"line":24},"14":{"loc":{"start":{"line":29,"column":4},"end":{"line":29,"column":77}},"type":"if","locations":[{"start":{"line":29,"column":4},"end":{"line":29,"column":77}},{"start":{},"end":{}}],"line":29},"15":{"loc":{"start":{"line":29,"column":8},"end":{"line":29,"column":47}},"type":"binary-expr","locations":[{"start":{"line":29,"column":8},"end":{"line":29,"column":28}},{"start":{"line":29,"column":32},"end":{"line":29,"column":47}}],"line":29},"16":{"loc":{"start":{"line":31,"column":4},"end":{"line":33,"column":5}},"type":"if","locations":[{"start":{"line":31,"column":4},"end":{"line":33,"column":5}},{"start":{},"end":{}}],"line":31},"17":{"loc":{"start":{"line":32,"column":15},"end":{"line":32,"column":69}},"type":"cond-expr","locations":[{"start":{"line":32,"column":29},"end":{"line":32,"column":56}},{"start":{"line":32,"column":59},"end":{"line":32,"column":69}}],"line":32},"18":{"loc":{"start":{"line":35,"column":4},"end":{"line":37,"column":5}},"type":"if","locations":[{"start":{"line":35,"column":4},"end":{"line":37,"column":5}},{"start":{},"end":{}}],"line":35},"19":{"loc":{"start":{"line":43,"column":4},"end":{"line":45,"column":5}},"type":"if","locations":[{"start":{"line":43,"column":4},"end":{"line":45,"column":5}},{"start":{},"end":{}}],"line":43},"20":{"loc":{"start":{"line":43,"column":8},"end":{"line":43,"column":59}},"type":"binary-expr","locations":[{"start":{"line":43,"column":8},"end":{"line":43,"column":34}},{"start":{"line":43,"column":38},"end":{"line":43,"column":59}}],"line":43},"21":{"loc":{"start":{"line":47,"column":4},"end":{"line":49,"column":5}},"type":"if","locations":[{"start":{"line":47,"column":4},"end":{"line":49,"column":5}},{"start":{},"end":{}}],"line":47},"22":{"loc":{"start":{"line":52,"column":4},"end":{"line":60,"column":5}},"type":"if","locations":[{"start":{"line":52,"column":4},"end":{"line":60,"column":5}},{"start":{},"end":{}}],"line":52},"23":{"loc":{"start":{"line":53,"column":8},"end":{"line":55,"column":9}},"type":"if","locations":[{"start":{"line":53,"column":8},"end":{"line":55,"column":9}},{"start":{},"end":{}}],"line":53},"24":{"loc":{"start":{"line":56,"column":8},"end":{"line":58,"column":9}},"type":"if","locations":[{"start":{"line":56,"column":8},"end":{"line":58,"column":9}},{"start":{},"end":{}}],"line":56},"25":{"loc":{"start":{"line":71,"column":4},"end":{"line":76,"column":5}},"type":"if","locations":[{"start":{"line":71,"column":4},"end":{"line":76,"column":5}},{"start":{},"end":{}}],"line":71}},"s":{"0":14,"1":1,"2":13,"3":0,"4":13,"5":14,"6":2,"7":12,"8":1,"9":11,"10":1,"11":10,"12":3,"13":7,"14":1,"15":6,"16":1,"17":5,"18":1,"19":0,"20":1,"21":0,"22":1,"23":0,"24":1,"25":0,"26":1,"27":1,"28":0,"29":13,"30":0,"31":13,"32":11,"33":2,"34":1,"35":1,"36":20,"37":0,"38":20,"39":1,"40":19,"41":5,"42":2,"43":3,"44":1,"45":2,"46":14,"47":14,"48":14,"49":14,"50":13,"51":1,"52":1},"f":{"0":14,"1":14,"2":1,"3":13,"4":20},"b":{"0":[1,13],"1":[0,13],"2":[2,12],"3":[14,13],"4":[1,11],"5":[1,10],"6":[3,7],"7":[1,6],"8":[1,5],"9":[0,1],"10":[0,1],"11":[0,1],"12":[0,1],"13":[1,0],"14":[0,13],"15":[13,13],"16":[11,2],"17":[2,9],"18":[1,1],"19":[0,20],"20":[20,20],"21":[1,19],"22":[5,14],"23":[2,3],"24":[1,2],"25":[13,1]},"_coverageSchema":"1a1c01bbd47fc00a2c39e90264f33305004495a9","hash":"5fa4db4e597583928fbb99e853086cb17515cbbb"}
}
