TN:
SF:app.js
FN:1,normalizeScore
FN:7,adjustScoreWithTime
FN:19,getFailureStatus
FN:28,getSuccessStatus
FN:42,calculateCertScore
FNF:5
FNH:4
FNDA:8,normalizeScore
FNDA:8,adjustScoreWithTime
FNDA:0,getFailureStatus
FNDA:8,getSuccessStatus
FNDA:11,calculateCertScore
DA:2,8
DA:3,7
DA:4,7
DA:8,8
DA:9,8
DA:11,8
DA:12,7
DA:13,4
DA:14,3
DA:16,2
DA:20,0
DA:21,0
DA:22,0
DA:23,0
DA:24,0
DA:25,0
DA:29,8
DA:31,8
DA:32,6
DA:35,2
DA:36,1
DA:39,1
DA:43,11
DA:44,0
DA:47,11
DA:48,0
DA:52,11
DA:53,3
DA:54,1
DA:56,2
DA:57,1
DA:59,1
DA:62,8
DA:65,8
DA:68,8
DA:71,8
DA:72,8
DA:78,0
DA:84,1
LF:39
LH:30
BRDA:2,0,0,1
BRDA:2,0,1,7
BRDA:3,1,0,0
BRDA:3,1,1,7
BRDA:8,2,0,0
BRDA:8,2,1,8
BRDA:8,3,0,8
BRDA:8,3,1,8
BRDA:9,4,0,0
BRDA:9,4,1,8
BRDA:11,5,0,1
BRDA:11,5,1,7
BRDA:12,6,0,3
BRDA:12,6,1,4
BRDA:13,7,0,1
BRDA:13,7,1,3
BRDA:14,8,0,1
BRDA:14,8,1,2
BRDA:20,9,0,0
BRDA:20,9,1,0
BRDA:21,10,0,0
BRDA:21,10,1,0
BRDA:22,11,0,0
BRDA:22,11,1,0
BRDA:23,12,0,0
BRDA:23,12,1,0
BRDA:24,13,0,0
BRDA:24,13,1,0
BRDA:29,14,0,0
BRDA:29,14,1,8
BRDA:29,15,0,8
BRDA:29,15,1,8
BRDA:31,16,0,6
BRDA:31,16,1,2
BRDA:32,17,0,2
BRDA:32,17,1,4
BRDA:35,18,0,1
BRDA:35,18,1,1
BRDA:43,19,0,0
BRDA:43,19,1,11
BRDA:43,20,0,11
BRDA:43,20,1,11
BRDA:47,21,0,0
BRDA:47,21,1,11
BRDA:52,22,0,3
BRDA:52,22,1,8
BRDA:53,23,0,1
BRDA:53,23,1,2
BRDA:56,24,0,1
BRDA:56,24,1,1
BRDA:71,25,0,8
BRDA:71,25,1,0
BRF:52
BRH:35
end_of_record
