TN:
SF:app.js
FN:1,applyTimeBonus
FN:5,validate
FN:17,getStatus
FN:27,calculateCertScore
FNF:4
FNH:4
FNDA:7,applyTimeBonus
FNDA:10,validate
FNDA:7,getStatus
FNDA:10,calculateCertScore
DA:2,7
DA:6,10
DA:7,2
DA:10,8
DA:11,1
DA:14,7
DA:18,7
DA:19,4
DA:22,3
DA:24,0
DA:28,10
DA:29,10
DA:30,3
DA:33,7
DA:34,7
DA:36,7
DA:39,1
LF:17
LH:16
BRDA:1,0,0,1
BRDA:2,1,0,3
BRDA:2,1,1,4
BRDA:6,2,0,2
BRDA:6,2,1,8
BRDA:10,3,0,1
BRDA:10,3,1,7
BRDA:17,4,0,0
BRDA:18,5,0,4
BRDA:18,5,1,3
BRDA:22,6,0,3
BRDA:22,6,1,0
BRDA:29,7,0,3
BRDA:29,7,1,7
BRF:14
BRH:12
end_of_record
